<?xml version="1.0" encoding="UTF-8"?>
<!-- Generated by org.testng.reporters.JUnitXMLReporter -->
<testsuite ignored="2" hostname="DESKTOP-EUV97CN" failures="1" tests="1" name="Test" time="4.58" errors="0" timestamp="06 Apr 2023 18:17:49 GMT">
  <testcase classname="Pages.ColourExcel" name="excel_version2" time="4.52">
    <failure type="com.spire.xls.packages.sprlfba" message="File not found File: CellBackground.xlsx">
      <![CDATA[com.spire.xls.packages.sprlfba: File not found File: CellBackground.xlsx
File name: 'CellBackground.xlsx' ---> CellBackground.xlsx (The process cannot access the file because it is being used by another process)
com.spire.xls.packages.sprofw.<init>(RandomAccessFileBuffered.java:160)
com.spire.xls.packages.sprofw.<init>(RandomAccessFileBuffered.java:142)
com.spire.xls.packages.sprofw.<init>(RandomAccessFileBuffered.java:168)
com.spire.xls.packages.sprogba.<init>(FileStream.java:120)
com.spire.xls.packages.sprogba.<init>(FileStream.java:144)
com.spire.xls.packages.sprogba.<init>(FileStream.java:149)
com.spire.xls.Workbook.saveToFile(Unknown Source)
Pages.ColourExcel.excel_version2(ColourExcel.java:73)
at com.spire.xls.packages.sprofw.<init>(RandomAccessFileBuffered.java:160)
at com.spire.xls.packages.sprofw.<init>(RandomAccessFileBuffered.java:142)
at com.spire.xls.packages.sprofw.<init>(RandomAccessFileBuffered.java:168)
at com.spire.xls.packages.sprogba.<init>(FileStream.java:120)
at com.spire.xls.packages.sprogba.<init>(FileStream.java:144)
at com.spire.xls.packages.sprogba.<init>(FileStream.java:149)
at com.spire.xls.Workbook.saveToFile(Unknown Source)
at Pages.ColourExcel.excel_version2(ColourExcel.java:73)
Caused by: java.io.FileNotFoundException: CellBackground.xlsx (The process cannot access the file because it is being used by another process)
at java.base/java.io.RandomAccessFile.open0(Native Method)
at java.base/java.io.RandomAccessFile.open(RandomAccessFile.java:344)
at java.base/java.io.RandomAccessFile.<init>(RandomAccessFile.java:259)
at java.base/java.io.RandomAccessFile.<init>(RandomAccessFile.java:213)
at java.base/java.io.RandomAccessFile.<init>(RandomAccessFile.java:127)
at com.spire.xls.packages.sprofw.<init>(RandomAccessFileBuffered.java:158)
... 32 more
... Removed 50 stack frames]]>
    </failure>
  </testcase> <!-- excel_version2 -->
  <testcase classname="Pages.ColourExcel" name="ColourStocks" time="0.0">
    <ignored/>
  </testcase> <!-- ColourStocks -->
  <testcase classname="Pages.ColourExcel" name="excel_version1" time="0.0">
    <ignored/>
  </testcase> <!-- excel_version1 -->
</testsuite> <!-- Test -->
