<?xml version="1.0" encoding="UTF-8"?>
<testng-results ignored="0" total="1" passed="1" failed="0" skipped="0">
  <reporter-output>
  </reporter-output>
  <suite started-at="2023-04-07T15:58:23Z" name="Default suite" finished-at="2023-04-07T15:58:30Z" duration-ms="6454">
    <groups>
    </groups>
    <test started-at="2023-04-07T15:58:23Z" name="Default test" finished-at="2023-04-07T15:58:30Z" duration-ms="6454">
      <class name="Pages.ColourExcel">
        <test-method signature="excel_version2()[pri:0, instance:Pages.ColourExcel@8e50104]" started-at="2023-04-07T15:58:24Z" name="excel_version2" finished-at="2023-04-07T15:58:30Z" duration-ms="6396" status="PASS">
          <reporter-output>
          </reporter-output>
        </test-method> <!-- excel_version2 -->
        <test-method is-config="true" signature="after()[pri:0, instance:Pages.ColourExcel@8e50104]" started-at="2023-04-07T15:58:30Z" name="after" finished-at="2023-04-07T15:58:30Z" duration-ms="1" status="PASS">
          <reporter-output>
          </reporter-output>
        </test-method> <!-- after -->
      </class> <!-- Pages.ColourExcel -->
    </test> <!-- Default test -->
  </suite> <!-- Default suite -->
</testng-results>
